<?xml version="1.0" encoding="UTF-8"?>
<testsuite name="edu.illinois.cs.cs125.fall2020.mp.MP2Test" tests="0" skipped="0" failures="0" errors="0" timestamp="1970-01-01T00:00:00" hostname="vpnpool-10-251-127-218.near.illinois.edu" time="0.0">
  <properties/>
  <system-out><![CDATA[]]></system-out>
  <system-err><![CDATA[[Robolectric] WARN: Android SDK 10000 requires Java 9 (have Java 8). Tests won't be run on SDK 10000 unless explicitly requested.
]]></system-err>
</testsuite>
